  Collision.cpp
c:\users\krisan\gameengine\gameengine\src\ecs\tilecomponent.h(27): warning C4244: '=': conversion from 'int' to 'float', possible loss of data
c:\users\krisan\gameengine\gameengine\src\ecs\tilecomponent.h(28): warning C4244: '=': conversion from 'int' to 'float', possible loss of data
c:\users\krisan\gameengine\gameengine\src\ecs\tilecomponent.h(41): warning C4244: '=': conversion from 'float' to 'int', possible loss of data
c:\users\krisan\gameengine\gameengine\src\ecs\tilecomponent.h(42): warning C4244: '=': conversion from 'float' to 'int', possible loss of data
  ECS.cpp
  GameObject.cpp
  Game.cpp
c:\users\krisan\gameengine\gameengine\src\ecs\tilecomponent.h(27): warning C4244: '=': conversion from 'int' to 'float', possible loss of data
c:\users\krisan\gameengine\gameengine\src\ecs\tilecomponent.h(28): warning C4244: '=': conversion from 'int' to 'float', possible loss of data
c:\users\krisan\gameengine\gameengine\src\ecs\tilecomponent.h(41): warning C4244: '=': conversion from 'float' to 'int', possible loss of data
c:\users\krisan\gameengine\gameengine\src\ecs\tilecomponent.h(42): warning C4244: '=': conversion from 'float' to 'int', possible loss of data
c:\users\krisan\gameengine\gameengine\src\game.cpp(101): warning C4244: '=': conversion from 'float' to 'int', possible loss of data
c:\users\krisan\gameengine\gameengine\src\game.cpp(102): warning C4244: '=': conversion from 'float' to 'int', possible loss of data
c:\users\krisan\gameengine\gameengine\src\ecs\ecs.h(93): warning C4244: 'argument': conversion from '_Ty' to 'float', possible loss of data
          with
          [
              _Ty=int
          ]
  c:\users\krisan\gameengine\gameengine\src\game.cpp(54): note: see reference to function template instantiation 'T &Entity::addComponent<TransformComponent,int,int,int,int,int&>(int &&,int &&,int &&,int &&,int &)' being compiled
          with
          [
              T=TransformComponent
          ]
  main.cpp
  Map.cpp
c:\users\krisan\gameengine\gameengine\src\ecs\tilecomponent.h(27): warning C4244: '=': conversion from 'int' to 'float', possible loss of data
c:\users\krisan\gameengine\gameengine\src\ecs\tilecomponent.h(28): warning C4244: '=': conversion from 'int' to 'float', possible loss of data
c:\users\krisan\gameengine\gameengine\src\ecs\tilecomponent.h(41): warning C4244: '=': conversion from 'float' to 'int', possible loss of data
c:\users\krisan\gameengine\gameengine\src\ecs\tilecomponent.h(42): warning C4244: '=': conversion from 'float' to 'int', possible loss of data
  TextureManager.cpp
  Vector2D.cpp
  Generating Code...
  LINK : C:\Users\Krisan\GameEngine\bin\Win32\Debug\GameEngine.exe not found or not built by the last incremental link; performing full link
  GameEngine.vcxproj -> C:\Users\Krisan\GameEngine\bin\Win32\Debug\GameEngine.exe
